TN:
SF:app.js
FN:35,(anonymous_0)
FN:39,(anonymous_1)
FN:44,(anonymous_2)
FN:45,(anonymous_3)
FNF:4
FNH:1
FNDA:0,(anonymous_0)
FNDA:0,(anonymous_1)
FNDA:1,(anonymous_2)
FNDA:0,(anonymous_3)
DA:1,1
DA:2,1
DA:3,1
DA:4,1
DA:5,1
DA:6,1
DA:7,1
DA:8,1
DA:9,1
DA:11,1
DA:12,1
DA:14,1
DA:15,1
DA:24,1
DA:25,1
DA:27,1
DA:28,1
DA:30,1
DA:31,1
DA:33,1
DA:35,1
DA:36,0
DA:39,1
DA:40,0
DA:43,1
DA:44,1
DA:46,0
DA:47,0
DA:50,1
LF:29
LH:25
BRDA:15,0,0,0
BRDA:15,0,1,1
BRF:2
BRH:1
end_of_record
TN:
SF:controllers/avatars.js
FN:11,(anonymous_0)
FN:14,(anonymous_1)
FN:17,(anonymous_2)
FN:33,(anonymous_3)
FNF:4
FNH:0
FNDA:0,(anonymous_0)
FNDA:0,(anonymous_1)
FNDA:0,(anonymous_2)
FNDA:0,(anonymous_3)
DA:1,1
DA:2,1
DA:3,1
DA:4,1
DA:5,1
DA:7,1
DA:8,1
DA:11,1
DA:13,1
DA:15,0
DA:18,0
DA:19,0
DA:20,0
DA:21,0
DA:22,0
DA:26,1
DA:33,1
DA:34,0
DA:35,0
DA:38,0
DA:39,0
DA:45,0
DA:46,0
DA:47,0
DA:53,0
DA:60,0
DA:68,1
LF:27
LH:12
BRDA:35,0,0,0
BRDA:35,0,1,0
BRDA:38,1,0,0
BRDA:38,1,1,0
BRF:4
BRH:0
end_of_record
TN:
SF:controllers/current.js
FN:1,(anonymous_0)
FNF:1
FNH:0
FNDA:0,(anonymous_0)
DA:1,1
DA:2,0
DA:3,0
DA:11,1
LF:4
LH:2
BRF:0
BRH:0
end_of_record
TN:
SF:controllers/login.js
FN:4,(anonymous_0)
FNF:1
FNH:1
FNDA:1,(anonymous_0)
DA:1,1
DA:2,1
DA:4,1
DA:5,1
DA:6,1
DA:7,1
DA:8,1
DA:9,1
DA:15,0
DA:16,0
DA:22,0
DA:23,0
DA:24,0
DA:25,0
DA:32,0
DA:40,1
LF:16
LH:9
BRDA:8,0,0,1
BRDA:8,0,1,0
BRDA:15,1,0,0
BRDA:15,1,1,0
BRDA:15,2,0,0
BRDA:15,2,1,0
BRF:6
BRH:1
end_of_record
TN:
SF:controllers/logout.js
FN:3,(anonymous_0)
FNF:1
FNH:0
FNDA:0,(anonymous_0)
DA:1,1
DA:3,1
DA:4,0
DA:5,0
DA:6,0
DA:7,0
DA:14,0
DA:22,1
LF:8
LH:3
BRF:0
BRH:0
end_of_record
TN:
SF:controllers/middleware.js
FN:4,(anonymous_0)
FNF:1
FNH:0
FNDA:0,(anonymous_0)
DA:1,1
DA:2,1
DA:4,1
DA:5,0
DA:6,0
DA:7,0
DA:13,0
DA:14,0
DA:20,0
DA:21,0
DA:27,0
DA:28,0
DA:31,1
LF:13
LH:4
BRDA:6,0,0,0
BRDA:6,0,1,0
BRDA:20,1,0,0
BRDA:20,1,1,0
BRF:4
BRH:0
end_of_record
TN:
SF:controllers/signup.js
FN:5,(anonymous_0)
FNF:1
FNH:0
FNDA:0,(anonymous_0)
DA:1,1
DA:2,1
DA:3,1
DA:5,1
DA:6,0
DA:7,0
DA:8,0
DA:9,0
DA:15,0
DA:16,0
DA:17,0
DA:23,0
DA:24,0
DA:25,0
DA:31,0
DA:32,0
DA:33,0
DA:37,0
DA:38,0
DA:39,0
DA:46,0
DA:54,1
LF:22
LH:5
BRDA:8,0,0,0
BRDA:8,0,1,0
BRDA:8,1,0,0
BRDA:8,1,1,0
BRDA:16,2,0,0
BRDA:16,2,1,0
BRDA:24,3,0,0
BRDA:24,3,1,0
BRF:8
BRH:0
end_of_record
TN:
SF:controllers/subscription.js
FN:3,(anonymous_0)
FNF:1
FNH:0
FNDA:0,(anonymous_0)
DA:1,1
DA:3,1
DA:4,0
DA:5,0
DA:6,0
DA:7,0
DA:8,0
DA:15,0
DA:23,1
LF:9
LH:3
BRF:0
BRH:0
end_of_record
TN:
SF:models/auth.js
FN:5,(anonymous_0)
FNF:1
FNH:0
FNDA:0,(anonymous_0)
DA:1,1
DA:2,1
DA:3,1
DA:5,1
DA:6,0
DA:7,0
DA:8,0
DA:9,0
DA:12,1
LF:9
LH:5
BRF:0
BRH:0
end_of_record
TN:
SF:models/jimp.js
FN:3,(anonymous_0)
FN:4,(anonymous_1)
FNF:2
FNH:0
FNDA:0,(anonymous_0)
FNDA:0,(anonymous_1)
DA:1,1
DA:3,1
DA:4,0
DA:5,0
DA:6,0
DA:10,1
LF:6
LH:3
BRDA:5,0,0,0
BRDA:5,0,1,0
BRF:2
BRH:0
end_of_record
TN:
SF:models/schema.js
FN:49,(anonymous_0)
FN:53,(anonymous_1)
FNF:2
FNH:0
FNDA:0,(anonymous_0)
FNDA:0,(anonymous_1)
DA:1,1
DA:2,1
DA:4,1
DA:25,1
DA:49,1
DA:50,0
DA:53,1
DA:54,0
DA:57,1
DA:58,1
DA:59,1
LF:11
LH:9
BRF:0
BRH:0
end_of_record
TN:
SF:models/token.js
FN:4,(anonymous_0)
FNF:1
FNH:0
FNDA:0,(anonymous_0)
DA:1,1
DA:2,1
DA:4,1
DA:5,0
DA:6,0
DA:7,0
DA:8,0
DA:11,1
LF:8
LH:4
BRF:0
BRH:0
end_of_record
TN:
SF:models/validation.js
FN:17,(anonymous_0)
FN:22,(anonymous_1)
FN:23,(anonymous_2)
FNF:3
FNH:0
FNDA:0,(anonymous_0)
FNDA:0,(anonymous_1)
FNDA:0,(anonymous_2)
DA:1,1
DA:3,1
DA:11,1
DA:17,1
DA:18,0
DA:21,1
DA:22,0
DA:23,0
LF:8
LH:5
BRF:0
BRH:0
end_of_record
TN:
SF:routes/api/contacts.js
FN:6,(anonymous_0)
FN:28,(anonymous_1)
FN:47,(anonymous_2)
FN:69,(anonymous_3)
FN:88,(anonymous_4)
FNF:5
FNH:1
FNDA:1,(anonymous_0)
FNDA:0,(anonymous_1)
FNDA:0,(anonymous_2)
FNDA:0,(anonymous_3)
FNDA:0,(anonymous_4)
DA:1,1
DA:2,1
DA:3,1
DA:4,1
DA:6,1
DA:7,1
DA:8,1
DA:10,1
DA:11,1
DA:14,1
DA:20,0
DA:28,1
DA:29,0
DA:30,0
DA:31,0
DA:32,0
DA:39,0
DA:47,1
DA:48,0
DA:49,0
DA:50,0
DA:52,0
DA:53,0
DA:54,0
DA:61,0
DA:69,1
DA:70,0
DA:71,0
DA:72,0
DA:73,0
DA:80,0
DA:88,1
DA:89,0
DA:90,0
DA:91,0
DA:92,0
DA:93,0
DA:101,0
DA:108,0
DA:116,1
LF:40
LH:15
BRDA:8,0,0,0
BRDA:8,0,1,1
BRF:2
BRH:1
end_of_record
TN:
SF:routes/api/users.js
FNF:0
FNH:0
DA:1,1
DA:2,1
DA:4,1
DA:5,1
DA:6,1
DA:7,1
DA:8,1
DA:9,1
DA:10,1
DA:12,1
DA:13,1
DA:14,1
DA:15,1
DA:16,1
DA:17,1
DA:19,1
LF:16
LH:16
BRF:0
BRH:0
end_of_record
